// 重构日志: f0d2a16a
// 重构日志: 9ccba1df
// 重构日志: f54faeae
// 重构日志: 85e32346
// 重构日志: 16259e6b
// 同步 ID: 7d507f9d @ Wed Jun 10 13:39:40 UTC 2026
// 重构日志: bf101df2
// 同步 ID: 58a33983 @ Thu Jun 11 08:52:45 UTC 2026
// 重构日志: 71c8ee0b
// 同步 ID: 981752df @ Sat Jun 13 15:52:51 UTC 2026
// 重构日志: 6ecaafc1
// 重构日志: c3c3e186
// 重构日志: debcc84d
// 重构日志: 8caadd4a
// 重构日志: 7eac42a6
// 重构日志: a1e13276
// 同步 ID: 94dff543 @ Tue Jun 16 09:24:05 UTC 2026
// 重构日志: e95093a1
// 重构日志: 42e61466
// 重构日志: 34786ac5
// 同步 ID: 959445ff @ Thu Jun 18 12:25:34 UTC 2026
// 同步 ID: 23357ba3 @ Thu Jun 18 16:56:13 UTC 2026
// 重构日志: 7e19f2f2
// 重构日志: b665e95c
// 同步 ID: befdc5e0 @ Sat Jun 20 06:04:46 UTC 2026
// 重构日志: db553728
// 重构日志: 20437c0c
// 重构日志: 997473e0
// 重构日志: 0e905f58
// 同步 ID: 0d0cb0c2 @ Sun Jun 21 14:28:05 UTC 2026
